# JRE version: OpenJDK Runtime Environment Temurin-21.0.3+9 (21.0.3+9) (build 21.0.3+9-LTS)
# Java VM: OpenJDK 64-Bit Server VM Temurin-21.0.3+9 (21.0.3+9-LTS, mixed mode, emulated-client, tiered, compressed oops, compressed class ptrs, g1 gc, windows-amd64)
GC Precious Log:
 CardTable entry size: 512
 Card Set container configuration: InlinePtr #cards 4 size 8 Array Of Cards #cards 32 size 80 Howl #buckets 8 coarsen threshold 7372 Howl Bitmap #cards 1024 size 144 coarsen threshold 921 Card regions per heap region 1 cards per card region 8192
 CPUs: 16 total, 16 available
 Memory: 32381M
 Large Page Support: Disabled
 NUMA Support: Disabled
 Compressed Oops: Enabled (Zero based)
 Heap Region Size: 4M
 Heap Min Capacity: 8M
 Heap Initial Capacity: 508M
 Heap Max Capacity: 8096M
 Pre-touch: Disabled
 Parallel Workers: 13
 Concurrent Workers: 3
 Concurrent Refinement Workers: 13
 Periodic GC: Disabled
Heap:
 garbage-first heap   total 163840K, used 43484K [0x0000000606000000, 0x0000000800000000)
  region size 4096K, 4 young (16384K), 2 survivors (8192K)
 Metaspace       used 70630K, committed 71872K, reserved 1179648K
  class space    used 8178K, committed 8960K, reserved 1048576K
GC Heap History (20 events):
Event: 10662.362 GC heap before
{Heap before GC invocations=199 (full 34):
 garbage-first heap   total 139264K, used 84907K [0x0000000606000000, 0x0000000800000000)
  region size 4096K, 15 young (61440K), 2 survivors (8192K)
 Metaspace       used 68992K, committed 71360K, reserved 1179648K
  class space    used 8015K, committed 8960K, reserved 1048576K
}
Event: 10662.424 GC heap after
{Heap after GC invocations=200 (full 35):
 garbage-first heap   total 110592K, used 30664K [0x0000000606000000, 0x0000000800000000)
  region size 4096K, 0 young (0K), 0 survivors (0K)
 Metaspace       used 68742K, committed 71360K, reserved 1179648K
  class space    used 8009K, committed 8960K, reserved 1048576K
}
Event: 10662.889 GC heap before
{Heap before GC invocations=200 (full 35):
 garbage-first heap   total 110592K, used 75720K [0x0000000606000000, 0x0000000800000000)
  region size 4096K, 13 young (53248K), 0 survivors (0K)
 Metaspace       used 69094K, committed 71360K, reserved 1179648K
  class space    used 8052K, committed 8960K, reserved 1048576K
}
Event: 10662.891 GC heap after
{Heap after GC invocations=201 (full 35):
 garbage-first heap   total 110592K, used 34457K [0x0000000606000000, 0x0000000800000000)
  region size 4096K, 1 young (4096K), 1 survivors (4096K)
 Metaspace       used 69094K, committed 71360K, reserved 1179648K
  class space    used 8052K, committed 8960K, reserved 1048576K
}
Event: 10663.175 GC heap before
{Heap before GC invocations=202 (full 35):
 garbage-first heap   total 110592K, used 87705K [0x0000000606000000, 0x0000000800000000)
  region size 4096K, 15 young (61440K), 1 survivors (4096K)
 Metaspace       used 69032K, committed 71360K, reserved 1179648K
  class space    used 8028K, committed 8960K, reserved 1048576K
}
Event: 10663.178 GC heap after
{Heap after GC invocations=203 (full 35):
 garbage-first heap   total 110592K, used 35248K [0x0000000606000000, 0x0000000800000000)
  region size 4096K, 2 young (8192K), 2 survivors (8192K)
 Metaspace       used 69032K, committed 71360K, reserved 1179648K
  class space    used 8028K, committed 8960K, reserved 1048576K
}
Event: 10770.557 GC heap before
{Heap before GC invocations=203 (full 35):
 garbage-first heap   total 110592K, used 80304K [0x0000000606000000, 0x0000000800000000)
  region size 4096K, 14 young (57344K), 2 survivors (8192K)
 Metaspace       used 69246K, committed 71360K, reserved 1179648K
  class space    used 8040K, committed 8960K, reserved 1048576K
}
Event: 10770.612 GC heap after
{Heap after GC invocations=204 (full 36):
 garbage-first heap   total 110592K, used 30110K [0x0000000606000000, 0x0000000800000000)
  region size 4096K, 0 young (0K), 0 survivors (0K)
 Metaspace       used 69235K, committed 71360K, reserved 1179648K
  class space    used 8037K, committed 8960K, reserved 1048576K
}
Event: 10771.102 GC heap before
{Heap before GC invocations=204 (full 36):
 garbage-first heap   total 110592K, used 79262K [0x0000000606000000, 0x0000000800000000)
  region size 4096K, 13 young (53248K), 0 survivors (0K)
 Metaspace       used 69577K, committed 71360K, reserved 1179648K
  class space    used 8078K, committed 8960K, reserved 1048576K
}
Event: 10771.104 GC heap after
{Heap after GC invocations=205 (full 36):
 garbage-first heap   total 110592K, used 33455K [0x0000000606000000, 0x0000000800000000)
  region size 4096K, 1 young (4096K), 1 survivors (4096K)
 Metaspace       used 69577K, committed 71360K, reserved 1179648K
  class space    used 8078K, committed 8960K, reserved 1048576K
}
Event: 10771.395 GC heap before
{Heap before GC invocations=206 (full 36):
 garbage-first heap   total 110592K, used 86703K [0x0000000606000000, 0x0000000800000000)
  region size 4096K, 15 young (61440K), 1 survivors (4096K)
 Metaspace       used 69627K, committed 71360K, reserved 1179648K
  class space    used 8082K, committed 8960K, reserved 1048576K
}
Event: 10771.398 GC heap after
{Heap after GC invocations=207 (full 36):
 garbage-first heap   total 315392K, used 34366K [0x0000000606000000, 0x0000000800000000)
  region size 4096K, 2 young (8192K), 2 survivors (8192K)
 Metaspace       used 69627K, committed 71360K, reserved 1179648K
  class space    used 8082K, committed 8960K, reserved 1048576K
}
Event: 11000.581 GC heap before
{Heap before GC invocations=207 (full 36):
 garbage-first heap   total 315392K, used 103998K [0x0000000606000000, 0x0000000800000000)
  region size 4096K, 20 young (81920K), 2 survivors (8192K)
 Metaspace       used 69839K, committed 71360K, reserved 1179648K
  class space    used 8104K, committed 8960K, reserved 1048576K
}
Event: 11000.629 GC heap after
{Heap after GC invocations=208 (full 37):
 garbage-first heap   total 163840K, used 30779K [0x0000000606000000, 0x0000000800000000)
  region size 4096K, 0 young (0K), 0 survivors (0K)
 Metaspace       used 69836K, committed 71360K, reserved 1179648K
  class space    used 8103K, committed 8960K, reserved 1048576K
}
Event: 11001.278 GC heap before
{Heap before GC invocations=208 (full 37):
 garbage-first heap   total 163840K, used 120891K [0x0000000606000000, 0x0000000800000000)
  region size 4096K, 23 young (94208K), 0 survivors (0K)
 Metaspace       used 70227K, committed 71424K, reserved 1179648K
  class space    used 8148K, committed 8960K, reserved 1048576K
}
Event: 11001.281 GC heap after
{Heap after GC invocations=209 (full 37):
 garbage-first heap   total 163840K, used 34614K [0x0000000606000000, 0x0000000800000000)
  region size 4096K, 1 young (4096K), 1 survivors (4096K)
 Metaspace       used 70227K, committed 71424K, reserved 1179648K
  class space    used 8148K, committed 8960K, reserved 1048576K
}
Event: 11057.378 GC heap before
{Heap before GC invocations=210 (full 37):
 garbage-first heap   total 163840K, used 104246K [0x0000000606000000, 0x0000000800000000)
  region size 4096K, 20 young (81920K), 1 survivors (4096K)
 Metaspace       used 70440K, committed 71616K, reserved 1179648K
  class space    used 8169K, committed 8960K, reserved 1048576K
}
Event: 11057.381 GC heap after
{Heap after GC invocations=211 (full 37):
 garbage-first heap   total 163840K, used 39504K [0x0000000606000000, 0x0000000800000000)
  region size 4096K, 3 young (12288K), 3 survivors (12288K)
 Metaspace       used 70440K, committed 71616K, reserved 1179648K
  class space    used 8169K, committed 8960K, reserved 1048576K
}
Event: 11058.241 GC heap before
{Heap before GC invocations=212 (full 37):
 garbage-first heap   total 163840K, used 72272K [0x0000000606000000, 0x0000000800000000)
  region size 4096K, 13 young (53248K), 3 survivors (12288K)
 Metaspace       used 70570K, committed 71808K, reserved 1179648K
  class space    used 8177K, committed 8960K, reserved 1048576K
}
Event: 11058.243 GC heap after
{Heap after GC invocations=213 (full 37):
 garbage-first heap   total 163840K, used 39388K [0x0000000606000000, 0x0000000800000000)
  region size 4096K, 2 young (8192K), 2 survivors (8192K)
 Metaspace       used 70570K, committed 71808K, reserved 1179648K
  class space    used 8177K, committed 8960K, reserved 1048576K
}

